<?xml version="1.0" encoding="UTF-8"?>
<!-- Generated by org.testng.reporters.JUnitReportReporter -->
<testsuite hostname="DESKTOP-QNHJ5Q7" name="dataDrivenTesting.LoginTest" tests="4" failures="0" timestamp="7 Dec 2022 10:24:47 GMT" time="36.023" errors="0">
  <testcase name="verifyLoginWithInValidUser" time="8.850" classname="dataDrivenTesting.LoginTest"/>
  <testcase name="verifyLoginWithInValidUser" time="8.849" classname="dataDrivenTesting.LoginTest"/>
  <testcase name="verifyLoginWithInValidUser" time="8.861" classname="dataDrivenTesting.LoginTest"/>
  <testcase name="verifyLoginWithInValidUser" time="9.463" classname="dataDrivenTesting.LoginTest"/>
</testsuite> <!-- dataDrivenTesting.LoginTest -->
