<?xml version="1.0" encoding="UTF-8"?>
<!-- Generated by org.testng.reporters.JUnitReportReporter -->
<testsuite hostname="DESKTOP-QNHJ5Q7" name="extentReports.GooglePage" tests="2" failures="0" timestamp="6 Dec 2022 06:30:39 GMT" time="0.000" errors="0">
  <testcase name="verifyApplicationLogo" time="0.000" classname="extentReports.GooglePage"/>
  <testcase name="verifyApplicationTitle" time="0.000" classname="extentReports.GooglePage"/>
</testsuite> <!-- extentReports.GooglePage -->
