<?xml version="1.0" encoding="UTF-8"?>
<!-- Generated by org.testng.reporters.JUnitReportReporter -->
<testsuite hostname="DESKTOP-QNHJ5Q7" name="googlePage.GoogleSearch" tests="1" failures="0" timestamp="1 Dec 2022 08:34:49 GMT" time="15.924" errors="0">
  <testcase name="google" time="15.924" classname="googlePage.GoogleSearch"/>
</testsuite> <!-- googlePage.GoogleSearch -->
