<?xml version="1.0" encoding="UTF-8"?>
<!-- Generated by org.testng.reporters.JUnitReportReporter -->
<testsuite hostname="DESKTOP-QNHJ5Q7" name="testNGExample.handleOptions" tests="2" failures="0" timestamp="30 Nov 2022 08:32:14 GMT" time="8.843" errors="0">
  <testcase name="handlelist" time="4.433" classname="testNGExample.handleOptions"/>
  <testcase name="handlelist2" time="4.410" classname="testNGExample.handleOptions"/>
</testsuite> <!-- testNGExample.handleOptions -->
