<?xml version="1.0" encoding="UTF-8"?>
<!-- Generated by org.testng.reporters.JUnitReportReporter -->
<testsuite hostname="DESKTOP-QNHJ5Q7" name="nopCommerce.LoginTest" tests="2" failures="0" timestamp="1 Dec 2022 08:34:49 GMT" time="55.467" errors="0">
  <testcase name="verifyLogin" time="27.385" classname="nopCommerce.LoginTest"/>
  <testcase name="verifyLogin" time="28.082" classname="nopCommerce.LoginTest"/>
</testsuite> <!-- nopCommerce.LoginTest -->
