<?xml version="1.0" encoding="UTF-8"?>
<!-- Generated by org.testng.reporters.JUnitReportReporter -->
<testsuite hostname="DESKTOP-QNHJ5Q7" name="seleniumExample.ActionsClass" tests="1" failures="0" timestamp="2 Dec 2022 07:04:00 GMT" time="8.741" errors="0">
  <testcase name="verifyDragAndDropTest" time="8.741" classname="seleniumExample.ActionsClass"/>
</testsuite> <!-- seleniumExample.ActionsClass -->
