<?xml version="1.0" encoding="UTF-8"?>
<!-- Generated by org.testng.reporters.JUnitReportReporter -->
<testsuite hostname="DESKTOP-QNHJ5Q7" name="nopCommercelog4j.LoginTest" tests="1" failures="0" timestamp="5 Dec 2022 08:20:20 GMT" time="20.844" errors="0">
  <testcase name="verifyLogin" time="20.844" classname="nopCommercelog4j.LoginTest"/>
</testsuite> <!-- nopCommercelog4j.LoginTest -->
