<?xml version="1.0" encoding="UTF-8"?>
<!-- Generated by org.testng.reporters.JUnitReportReporter -->
<testsuite hostname="DESKTOP-QNHJ5Q7" name="testNGExample.Priority" tests="4" failures="0" timestamp="1 Dec 2022 06:04:04 GMT" time="0.000" errors="0">
  <testcase name="logout" time="0.000" classname="testNGExample.Priority"/>
  <testcase name="login" time="0.000" classname="testNGExample.Priority"/>
  <testcase name="addItems" time="0.000" classname="testNGExample.Priority"/>
  <testcase name="payment" time="0.000" classname="testNGExample.Priority"/>
</testsuite> <!-- testNGExample.Priority -->
