<?xml version="1.0" encoding="UTF-8"?>
<!-- Generated by org.testng.reporters.JUnitReportReporter -->
<testsuite hostname="DESKTOP-QNHJ5Q7" name="Tests.LoginTest" tests="1" failures="0" timestamp="5 Dec 2022 08:33:19 GMT" time="10.520" errors="0">
  <testcase name="verifyLogin" time="10.520" classname="Tests.LoginTest"/>
</testsuite> <!-- Tests.LoginTest -->
