<?xml version="1.0" encoding="UTF-8"?>
<!-- Generated by org.testng.reporters.JUnitReportReporter -->
<testsuite skipped="0" hostname="DESKTOP-QNHJ5Q7" name="nopCommercelog4j.LoginTest" tests="1" failures="0" timestamp="2022-12-08T01:42:54 PST" time="18.634" errors="0">
  <testcase name="verifyLogin" time="18.634" classname="nopCommercelog4j.LoginTest"/>
  <system-out/>
</testsuite> <!-- nopCommercelog4j.LoginTest -->
